# JRE version: Java(TM) SE Runtime Environment (8.0_73-b02) (build 1.8.0_73-b02)
# Java VM: Java HotSpot(TM) 64-Bit Server VM (25.73-b02 mixed mode windows-amd64 compressed oops)
Heap:
 PSYoungGen      total 129024K, used 109757K [0x00000000eb400000, 0x00000000f5f00000, 0x0000000100000000)
  eden space 125440K, 87% used [0x00000000eb400000,0x00000000f1f2f540,0x00000000f2e80000)
  from space 3584K, 0% used [0x00000000f3a80000,0x00000000f3a80000,0x00000000f3e00000)
  to   space 12288K, 0% used [0x00000000f2e80000,0x00000000f2e80000,0x00000000f3a80000)
 ParOldGen       total 52224K, used 24174K [0x00000000c1c00000, 0x00000000c4f00000, 0x00000000eb400000)
  object space 52224K, 46% used [0x00000000c1c00000,0x00000000c339b8f8,0x00000000c4f00000)
 Metaspace       used 41383K, capacity 41754K, committed 42112K, reserved 1085440K
  class space    used 5312K, capacity 5427K, committed 5504K, reserved 1048576K
GC Heap History (10 events):
Event: 2.611 GC heap before
{Heap before GC invocations=6 (full 1):
 PSYoungGen      total 68096K, used 2557K [0x00000000eb400000, 0x00000000f4700000, 0x0000000100000000)
  eden space 65536K, 0% used [0x00000000eb400000,0x00000000eb400000,0x00000000ef400000)
  from space 2560K, 99% used [0x00000000ef400000,0x00000000ef67f680,0x00000000ef680000)
  to   space 9728K, 0% used [0x00000000f3d80000,0x00000000f3d80000,0x00000000f4700000)
 ParOldGen       total 44032K, used 20378K [0x00000000c1c00000, 0x00000000c4700000, 0x00000000eb400000)
  object space 44032K, 46% used [0x00000000c1c00000,0x00000000c2fe6af8,0x00000000c4700000)
 Metaspace       used 20997K, capacity 21218K, committed 21296K, reserved 1069056K
  class space    used 2610K, capacity 2687K, committed 2688K, reserved 1048576K
Event: 2.697 GC heap after
Heap after GC invocations=6 (full 1):
 PSYoungGen      total 68096K, used 0K [0x00000000eb400000, 0x00000000f4700000, 0x0000000100000000)
  eden space 65536K, 0% used [0x00000000eb400000,0x00000000eb400000,0x00000000ef400000)
  from space 2560K, 0% used [0x00000000ef400000,0x00000000ef400000,0x00000000ef680000)
  to   space 9728K, 0% used [0x00000000f3d80000,0x00000000f3d80000,0x00000000f4700000)
 ParOldGen       total 52224K, used 17895K [0x00000000c1c00000, 0x00000000c4f00000, 0x00000000eb400000)
  object space 52224K, 34% used [0x00000000c1c00000,0x00000000c2d79f68,0x00000000c4f00000)
 Metaspace       used 20997K, capacity 21218K, committed 21296K, reserved 1069056K
  class space    used 2610K, capacity 2687K, committed 2688K, reserved 1048576K
}
Event: 3.651 GC heap before
{Heap before GC invocations=7 (full 1):
 PSYoungGen      total 68096K, used 65536K [0x00000000eb400000, 0x00000000f4700000, 0x0000000100000000)
  eden space 65536K, 100% used [0x00000000eb400000,0x00000000ef400000,0x00000000ef400000)
  from space 2560K, 0% used [0x00000000ef400000,0x00000000ef400000,0x00000000ef680000)
  to   space 9728K, 0% used [0x00000000f3d80000,0x00000000f3d80000,0x00000000f4700000)
 ParOldGen       total 52224K, used 17895K [0x00000000c1c00000, 0x00000000c4f00000, 0x00000000eb400000)
  object space 52224K, 34% used [0x00000000c1c00000,0x00000000c2d79f68,0x00000000c4f00000)
 Metaspace       used 25665K, capacity 25962K, committed 26112K, reserved 1073152K
  class space    used 3195K, capacity 3323K, committed 3328K, reserved 1048576K
Event: 3.661 GC heap after
Heap after GC invocations=7 (full 1):
 PSYoungGen      total 93184K, used 5849K [0x00000000eb400000, 0x00000000f4380000, 0x0000000100000000)
  eden space 87040K, 0% used [0x00000000eb400000,0x00000000eb400000,0x00000000f0900000)
  from space 6144K, 95% used [0x00000000f3d80000,0x00000000f4336710,0x00000000f4380000)
  to   space 9216K, 0% used [0x00000000f3180000,0x00000000f3180000,0x00000000f3a80000)
 ParOldGen       total 52224K, used 17903K [0x00000000c1c00000, 0x00000000c4f00000, 0x00000000eb400000)
  object space 52224K, 34% used [0x00000000c1c00000,0x00000000c2d7bf68,0x00000000c4f00000)
 Metaspace       used 25665K, capacity 25962K, committed 26112K, reserved 1073152K
  class space    used 3195K, capacity 3323K, committed 3328K, reserved 1048576K
}
Event: 4.738 GC heap before
{Heap before GC invocations=8 (full 1):
 PSYoungGen      total 93184K, used 92889K [0x00000000eb400000, 0x00000000f4380000, 0x0000000100000000)
  eden space 87040K, 100% used [0x00000000eb400000,0x00000000f0900000,0x00000000f0900000)
  from space 6144K, 95% used [0x00000000f3d80000,0x00000000f4336710,0x00000000f4380000)
  to   space 9216K, 0% used [0x00000000f3180000,0x00000000f3180000,0x00000000f3a80000)
 ParOldGen       total 52224K, used 17903K [0x00000000c1c00000, 0x00000000c4f00000, 0x00000000eb400000)
  object space 52224K, 34% used [0x00000000c1c00000,0x00000000c2d7bf68,0x00000000c4f00000)
 Metaspace       used 29506K, capacity 29906K, committed 30208K, reserved 1075200K
  class space    used 3671K, capacity 3815K, committed 3840K, reserved 1048576K
Event: 4.751 GC heap after
Heap after GC invocations=8 (full 1):
 PSYoungGen      total 123392K, used 8762K [0x00000000eb400000, 0x00000000f3e00000, 0x0000000100000000)
  eden space 114176K, 0% used [0x00000000eb400000,0x00000000eb400000,0x00000000f2380000)
  from space 9216K, 95% used [0x00000000f3180000,0x00000000f3a0ea10,0x00000000f3a80000)
  to   space 3584K, 0% used [0x00000000f3a80000,0x00000000f3a80000,0x00000000f3e00000)
 ParOldGen       total 52224K, used 17911K [0x00000000c1c00000, 0x00000000c4f00000, 0x00000000eb400000)
  object space 52224K, 34% used [0x00000000c1c00000,0x00000000c2d7df68,0x00000000c4f00000)
 Metaspace       used 29506K, capacity 29906K, committed 30208K, reserved 1075200K
  class space    used 3671K, capacity 3815K, committed 3840K, reserved 1048576K
}
Event: 6.460 GC heap before
{Heap before GC invocations=9 (full 1):
 PSYoungGen      total 123392K, used 99644K [0x00000000eb400000, 0x00000000f3e00000, 0x0000000100000000)
  eden space 114176K, 79% used [0x00000000eb400000,0x00000000f0cc0780,0x00000000f2380000)
  from space 9216K, 95% used [0x00000000f3180000,0x00000000f3a0ea10,0x00000000f3a80000)
  to   space 3584K, 0% used [0x00000000f3a80000,0x00000000f3a80000,0x00000000f3e00000)
 ParOldGen       total 52224K, used 17911K [0x00000000c1c00000, 0x00000000c4f00000, 0x00000000eb400000)
  object space 52224K, 34% used [0x00000000c1c00000,0x00000000c2d7df68,0x00000000c4f00000)
 Metaspace       used 34907K, capacity 35266K, committed 35456K, reserved 1081344K
  class space    used 4337K, capacity 4463K, committed 4480K, reserved 1048576K
Event: 6.489 GC heap after
Heap after GC invocations=9 (full 1):
 PSYoungGen      total 129024K, used 3572K [0x00000000eb400000, 0x00000000f5f00000, 0x0000000100000000)
  eden space 125440K, 0% used [0x00000000eb400000,0x00000000eb400000,0x00000000f2e80000)
  from space 3584K, 99% used [0x00000000f3a80000,0x00000000f3dfd150,0x00000000f3e00000)
  to   space 12288K, 0% used [0x00000000f2e80000,0x00000000f2e80000,0x00000000f3a80000)
 ParOldGen       total 52224K, used 27509K [0x00000000c1c00000, 0x00000000c4f00000, 0x00000000eb400000)
  object space 52224K, 52% used [0x00000000c1c00000,0x00000000c36dd690,0x00000000c4f00000)
 Metaspace       used 34907K, capacity 35266K, committed 35456K, reserved 1081344K
  class space    used 4337K, capacity 4463K, committed 4480K, reserved 1048576K
}
Event: 6.489 GC heap before
{Heap before GC invocations=10 (full 2):
 PSYoungGen      total 129024K, used 3572K [0x00000000eb400000, 0x00000000f5f00000, 0x0000000100000000)
  eden space 125440K, 0% used [0x00000000eb400000,0x00000000eb400000,0x00000000f2e80000)
  from space 3584K, 99% used [0x00000000f3a80000,0x00000000f3dfd150,0x00000000f3e00000)
  to   space 12288K, 0% used [0x00000000f2e80000,0x00000000f2e80000,0x00000000f3a80000)
 ParOldGen       total 52224K, used 27509K [0x00000000c1c00000, 0x00000000c4f00000, 0x00000000eb400000)
  object space 52224K, 52% used [0x00000000c1c00000,0x00000000c36dd690,0x00000000c4f00000)
 Metaspace       used 34907K, capacity 35266K, committed 35456K, reserved 1081344K
  class space    used 4337K, capacity 4463K, committed 4480K, reserved 1048576K
Event: 6.647 GC heap after
Heap after GC invocations=10 (full 2):
 PSYoungGen      total 129024K, used 0K [0x00000000eb400000, 0x00000000f5f00000, 0x0000000100000000)
  eden space 125440K, 0% used [0x00000000eb400000,0x00000000eb400000,0x00000000f2e80000)
  from space 3584K, 0% used [0x00000000f3a80000,0x00000000f3a80000,0x00000000f3e00000)
  to   space 12288K, 0% used [0x00000000f2e80000,0x00000000f2e80000,0x00000000f3a80000)
 ParOldGen       total 52224K, used 24174K [0x00000000c1c00000, 0x00000000c4f00000, 0x00000000eb400000)
  object space 52224K, 46% used [0x00000000c1c00000,0x00000000c339b8f8,0x00000000c4f00000)
 Metaspace       used 34907K, capacity 35266K, committed 35456K, reserved 1081344K
  class space    used 4337K, capacity 4463K, committed 4480K, reserved 1048576K
}

