# JRE version: Java(TM) SE Runtime Environment (8.0_73-b02) (build 1.8.0_73-b02)
# Java VM: Java HotSpot(TM) 64-Bit Server VM (25.73-b02 mixed mode windows-amd64 compressed oops)
Heap:
 PSYoungGen      total 166912K, used 13841K [0x00000000eb400000, 0x00000000f7600000, 0x0000000100000000)
  eden space 156160K, 8% used [0x00000000eb400000,0x00000000ec1844c8,0x00000000f4c80000)
  from space 10752K, 0% used [0x00000000f5800000,0x00000000f5800000,0x00000000f6280000)
  to   space 11776K, 0% used [0x00000000f4c80000,0x00000000f4c80000,0x00000000f5800000)
 ParOldGen       total 57856K, used 23769K [0x00000000c1c00000, 0x00000000c5480000, 0x00000000eb400000)
  object space 57856K, 41% used [0x00000000c1c00000,0x00000000c3336658,0x00000000c5480000)
 Metaspace       used 37098K, capacity 37468K, committed 37836K, reserved 1081344K
  class space    used 4823K, capacity 4942K, committed 5068K, reserved 1048576K
GC Heap History (10 events):
Event: 2.941 GC heap before
{Heap before GC invocations=8 (full 1):
 PSYoungGen      total 74240K, used 3259K [0x00000000eb400000, 0x00000000f4500000, 0x0000000100000000)
  eden space 65536K, 0% used [0x00000000eb400000,0x00000000eb400000,0x00000000ef400000)
  from space 8704K, 37% used [0x00000000ef400000,0x00000000ef72edb0,0x00000000efc80000)
  to   space 8704K, 0% used [0x00000000f3c80000,0x00000000f3c80000,0x00000000f4500000)
 ParOldGen       total 44032K, used 18628K [0x00000000c1c00000, 0x00000000c4700000, 0x00000000eb400000)
  object space 44032K, 42% used [0x00000000c1c00000,0x00000000c2e31340,0x00000000c4700000)
 Metaspace       used 21319K, capacity 21538K, committed 21628K, reserved 1069056K
  class space    used 2641K, capacity 2751K, committed 2764K, reserved 1048576K
Event: 3.009 GC heap after
Heap after GC invocations=8 (full 1):
 PSYoungGen      total 74240K, used 0K [0x00000000eb400000, 0x00000000f4500000, 0x0000000100000000)
  eden space 65536K, 0% used [0x00000000eb400000,0x00000000eb400000,0x00000000ef400000)
  from space 8704K, 0% used [0x00000000ef400000,0x00000000ef400000,0x00000000efc80000)
  to   space 8704K, 0% used [0x00000000f3c80000,0x00000000f3c80000,0x00000000f4500000)
 ParOldGen       total 39424K, used 12577K [0x00000000c1c00000, 0x00000000c4280000, 0x00000000eb400000)
  object space 39424K, 31% used [0x00000000c1c00000,0x00000000c2848470,0x00000000c4280000)
 Metaspace       used 21319K, capacity 21538K, committed 21628K, reserved 1069056K
  class space    used 2641K, capacity 2751K, committed 2764K, reserved 1048576K
}
Event: 4.112 GC heap before
{Heap before GC invocations=9 (full 1):
 PSYoungGen      total 74240K, used 65536K [0x00000000eb400000, 0x00000000f4500000, 0x0000000100000000)
  eden space 65536K, 100% used [0x00000000eb400000,0x00000000ef400000,0x00000000ef400000)
  from space 8704K, 0% used [0x00000000ef400000,0x00000000ef400000,0x00000000efc80000)
  to   space 8704K, 0% used [0x00000000f3c80000,0x00000000f3c80000,0x00000000f4500000)
 ParOldGen       total 39424K, used 12577K [0x00000000c1c00000, 0x00000000c4280000, 0x00000000eb400000)
  object space 39424K, 31% used [0x00000000c1c00000,0x00000000c2848470,0x00000000c4280000)
 Metaspace       used 26117K, capacity 26474K, committed 26700K, reserved 1073152K
  class space    used 3256K, capacity 3387K, committed 3404K, reserved 1048576K
Event: 4.124 GC heap after
Heap after GC invocations=9 (full 1):
 PSYoungGen      total 118272K, used 5979K [0x00000000eb400000, 0x00000000f4280000, 0x0000000100000000)
  eden space 112128K, 0% used [0x00000000eb400000,0x00000000eb400000,0x00000000f2180000)
  from space 6144K, 97% used [0x00000000f3c80000,0x00000000f4256ca0,0x00000000f4280000)
  to   space 8704K, 0% used [0x00000000f3180000,0x00000000f3180000,0x00000000f3a00000)
 ParOldGen       total 39424K, used 12585K [0x00000000c1c00000, 0x00000000c4280000, 0x00000000eb400000)
  object space 39424K, 31% used [0x00000000c1c00000,0x00000000c284a470,0x00000000c4280000)
 Metaspace       used 26117K, capacity 26474K, committed 26700K, reserved 1073152K
  class space    used 3256K, capacity 3387K, committed 3404K, reserved 1048576K
}
Event: 6.554 GC heap before
{Heap before GC invocations=10 (full 1):
 PSYoungGen      total 118272K, used 118107K [0x00000000eb400000, 0x00000000f4280000, 0x0000000100000000)
  eden space 112128K, 100% used [0x00000000eb400000,0x00000000f2180000,0x00000000f2180000)
  from space 6144K, 97% used [0x00000000f3c80000,0x00000000f4256ca0,0x00000000f4280000)
  to   space 8704K, 0% used [0x00000000f3180000,0x00000000f3180000,0x00000000f3a00000)
 ParOldGen       total 39424K, used 12585K [0x00000000c1c00000, 0x00000000c4280000, 0x00000000eb400000)
  object space 39424K, 31% used [0x00000000c1c00000,0x00000000c284a470,0x00000000c4280000)
 Metaspace       used 30789K, capacity 31160K, committed 31436K, reserved 1077248K
  class space    used 3838K, capacity 3976K, committed 4044K, reserved 1048576K
Event: 6.588 GC heap after
Heap after GC invocations=10 (full 1):
 PSYoungGen      total 137216K, used 8680K [0x00000000eb400000, 0x00000000f6280000, 0x0000000100000000)
  eden space 128512K, 0% used [0x00000000eb400000,0x00000000eb400000,0x00000000f3180000)
  from space 8704K, 99% used [0x00000000f3180000,0x00000000f39fa2f8,0x00000000f3a00000)
  to   space 10752K, 0% used [0x00000000f5800000,0x00000000f5800000,0x00000000f6280000)
 ParOldGen       total 39424K, used 15058K [0x00000000c1c00000, 0x00000000c4280000, 0x00000000eb400000)
  object space 39424K, 38% used [0x00000000c1c00000,0x00000000c2ab4bb0,0x00000000c4280000)
 Metaspace       used 30789K, capacity 31160K, committed 31436K, reserved 1077248K
  class space    used 3838K, capacity 3976K, committed 4044K, reserved 1048576K
}
Event: 11.687 GC heap before
{Heap before GC invocations=11 (full 1):
 PSYoungGen      total 137216K, used 74693K [0x00000000eb400000, 0x00000000f6280000, 0x0000000100000000)
  eden space 128512K, 51% used [0x00000000eb400000,0x00000000ef477290,0x00000000f3180000)
  from space 8704K, 99% used [0x00000000f3180000,0x00000000f39fa2f8,0x00000000f3a00000)
  to   space 10752K, 0% used [0x00000000f5800000,0x00000000f5800000,0x00000000f6280000)
 ParOldGen       total 39424K, used 15058K [0x00000000c1c00000, 0x00000000c4280000, 0x00000000eb400000)
  object space 39424K, 38% used [0x00000000c1c00000,0x00000000c2ab4bb0,0x00000000c4280000)
 Metaspace       used 35468K, capacity 35836K, committed 36044K, reserved 1081344K
  class space    used 4595K, capacity 4718K, committed 4812K, reserved 1048576K
Event: 11.703 GC heap after
Heap after GC invocations=11 (full 1):
 PSYoungGen      total 166912K, used 9926K [0x00000000eb400000, 0x00000000f7600000, 0x0000000100000000)
  eden space 156160K, 0% used [0x00000000eb400000,0x00000000eb400000,0x00000000f4c80000)
  from space 10752K, 92% used [0x00000000f5800000,0x00000000f61b1918,0x00000000f6280000)
  to   space 11776K, 0% used [0x00000000f4c80000,0x00000000f4c80000,0x00000000f5800000)
 ParOldGen       total 39424K, used 17730K [0x00000000c1c00000, 0x00000000c4280000, 0x00000000eb400000)
  object space 39424K, 44% used [0x00000000c1c00000,0x00000000c2d50918,0x00000000c4280000)
 Metaspace       used 35468K, capacity 35836K, committed 36044K, reserved 1081344K
  class space    used 4595K, capacity 4718K, committed 4812K, reserved 1048576K
}
Event: 11.703 GC heap before
{Heap before GC invocations=12 (full 2):
 PSYoungGen      total 166912K, used 9926K [0x00000000eb400000, 0x00000000f7600000, 0x0000000100000000)
  eden space 156160K, 0% used [0x00000000eb400000,0x00000000eb400000,0x00000000f4c80000)
  from space 10752K, 92% used [0x00000000f5800000,0x00000000f61b1918,0x00000000f6280000)
  to   space 11776K, 0% used [0x00000000f4c80000,0x00000000f4c80000,0x00000000f5800000)
 ParOldGen       total 39424K, used 17730K [0x00000000c1c00000, 0x00000000c4280000, 0x00000000eb400000)
  object space 39424K, 44% used [0x00000000c1c00000,0x00000000c2d50918,0x00000000c4280000)
 Metaspace       used 35468K, capacity 35836K, committed 36044K, reserved 1081344K
  class space    used 4595K, capacity 4718K, committed 4812K, reserved 1048576K
Event: 11.849 GC heap after
Heap after GC invocations=12 (full 2):
 PSYoungGen      total 166912K, used 0K [0x00000000eb400000, 0x00000000f7600000, 0x0000000100000000)
  eden space 156160K, 0% used [0x00000000eb400000,0x00000000eb400000,0x00000000f4c80000)
  from space 10752K, 0% used [0x00000000f5800000,0x00000000f5800000,0x00000000f6280000)
  to   space 11776K, 0% used [0x00000000f4c80000,0x00000000f4c80000,0x00000000f5800000)
 ParOldGen       total 57856K, used 23769K [0x00000000c1c00000, 0x00000000c5480000, 0x00000000eb400000)
  object space 57856K, 41% used [0x00000000c1c00000,0x00000000c3336658,0x00000000c5480000)
 Metaspace       used 35468K, capacity 35836K, committed 36044K, reserved 1081344K
  class space    used 4595K, capacity 4718K, committed 4812K, reserved 1048576K
}

